<?xml version="1.0" encoding="UTF-8"?>
<testng-results skipped="0" failed="0" ignored="0" total="1" passed="1">
  <reporter-output>
  </reporter-output>
  <suite name="Default suite" duration-ms="731" started-at="2020-02-16T04:45:41Z" finished-at="2020-02-16T04:45:41Z">
    <groups>
    </groups>
    <test name="Default test" duration-ms="731" started-at="2020-02-16T04:45:41Z" finished-at="2020-02-16T04:45:41Z">
      <class name="com.testNG.TEST">
        <test-method status="PASS" signature="test1(java.lang.String, java.lang.String, java.lang.String)[pri:0, instance:com.testNG.TEST@1b604f19]" name="test1" duration-ms="11" started-at="2020-02-16T10:15:41Z" data-provider="sai" finished-at="2020-02-16T10:15:41Z">
          <params>
            <param index="0">
              <value>
                <![CDATA[Yuvaraj]]>
              </value>
            </param>
            <param index="1">
              <value>
                <![CDATA[Sai]]>
              </value>
            </param>
            <param index="2">
              <value>
                <![CDATA[35]]>
              </value>
            </param>
          </params>
          <reporter-output>
          </reporter-output>
        </test-method> <!-- test1 -->
      </class> <!-- com.testNG.TEST -->
    </test> <!-- Default test -->
  </suite> <!-- Default suite -->
</testng-results>
